<?xml version="1.0" encoding="UTF-8"?>
<testng-results total="1" passed="1" failed="0" skipped="0">
  <reporter-output>
  </reporter-output>
  <suite started-at="2021-09-28T12:54:41Z" name="Suite" finished-at="2021-09-28T12:54:45Z" duration-ms="4583">
    <groups>
    </groups>
    <test started-at="2021-09-28T12:54:41Z" name="Test" finished-at="2021-09-28T12:54:45Z" duration-ms="4583">
      <class name="RmgProjectApi.CreateProjectAndValidateFromDB">
        <test-method is-config="true" signature="bsConfig()[pri:0, instance:RmgProjectApi.CreateProjectAndValidateFromDB@6cb6decd]" started-at="2021-09-28T18:24:39Z" name="bsConfig" finished-at="2021-09-28T18:24:41Z" duration-ms="2048" status="PASS">
          <reporter-output>
          </reporter-output>
        </test-method> <!-- bsConfig -->
        <test-method signature="createProjectAndValidateFromDBTest()[pri:0, instance:RmgProjectApi.CreateProjectAndValidateFromDB@6cb6decd]" started-at="2021-09-28T18:24:41Z" name="createProjectAndValidateFromDBTest" finished-at="2021-09-28T18:24:45Z" duration-ms="4553" status="PASS">
          <reporter-output>
          </reporter-output>
        </test-method> <!-- createProjectAndValidateFromDBTest -->
        <test-method is-config="true" signature="asConfig()[pri:0, instance:RmgProjectApi.CreateProjectAndValidateFromDB@6cb6decd]" started-at="2021-09-28T18:24:46Z" name="asConfig" finished-at="2021-09-28T18:24:46Z" duration-ms="12" status="PASS">
          <reporter-output>
          </reporter-output>
        </test-method> <!-- asConfig -->
      </class> <!-- RmgProjectApi.CreateProjectAndValidateFromDB -->
    </test> <!-- Test -->
  </suite> <!-- Suite -->
</testng-results>
